<?xml version="1.0" encoding="UTF-8"?>
<!-- Generated by org.testng.reporters.JUnitReportReporter -->
<testsuite hostname="DESKTOP-80M2QQM" failures="0" tests="3" name="MAIN.Cart_Test" time="17.758" errors="0" timestamp="2020-04-03T16:39:35 CEST" skipped="0">
  <testcase classname="MAIN.Cart_Test" name="a_AddDressToCart" time="12.218"/>
  <system-out/>
  <testcase classname="MAIN.Cart_Test" name="b_checkCart" time="1.736"/>
  <system-out/>
  <testcase classname="MAIN.Cart_Test" name="c_Proceed" time="3.804"/>
  <system-out/>
</testsuite> <!-- MAIN.Cart_Test -->
