<?xml version="1.0" encoding="UTF-8"?>
<!-- Generated by org.testng.reporters.JUnitReportReporter -->
<testsuite hostname="DESKTOP-80M2QQM" failures="0" tests="3" name="MAIN.MAIN" time="14.029" errors="0" timestamp="2020-04-01T16:54:48 CEST" skipped="0">
  <testcase classname="MAIN.MAIN" name="SummerDressFromDress" time="6.224"/>
  <system-out/>
  <testcase classname="MAIN.MAIN" name="z_compareURLs" time="4.595"/>
  <system-out/>
  <testcase classname="MAIN.MAIN" name="SummerDressFromWomen" time="3.210"/>
  <system-out/>
</testsuite> <!-- MAIN.MAIN -->
