<?xml version="1.0" encoding="UTF-8"?>
<!-- Generated by org.testng.reporters.JUnitReportReporter -->
<testsuite hostname="DESKTOP-80M2QQM" failures="0" tests="3" name="MAIN.Cart_MAIN" time="13.775" errors="0" timestamp="2020-04-01T22:36:43 CEST" skipped="0">
  <testcase classname="MAIN.Cart_MAIN" name="b_checkCart" time="1.124"/>
  <system-out/>
  <testcase classname="MAIN.Cart_MAIN" name="a_AddDressToCart" time="10.635"/>
  <system-out/>
  <testcase classname="MAIN.Cart_MAIN" name="c_Proceed" time="2.016"/>
  <system-out/>
</testsuite> <!-- MAIN.Cart_MAIN -->
