<?xml version="1.0" encoding="UTF-8"?>
<!-- Generated by org.testng.reporters.JUnitReportReporter -->
<testsuite hostname="DESKTOP-80M2QQM" failures="0" tests="2" name="MAIN.Log_Test" time="34.787" errors="0" timestamp="2020-04-03T19:15:39 CEST" skipped="0">
  <testcase classname="MAIN.Log_Test" name="b_FillAccData" time="19.076"/>
  <system-out/>
  <testcase classname="MAIN.Log_Test" name="a_goToCreateAccount" time="15.711"/>
  <system-out/>
</testsuite> <!-- MAIN.Log_Test -->
