<?xml version="1.0" encoding="UTF-8"?>
<!-- Generated by org.testng.reporters.JUnitReportReporter -->
<testsuite hostname="DESKTOP-80M2QQM" failures="0" tests="3" name="MAIN.HomeTest" time="16.799" errors="0" timestamp="2020-04-03T17:28:59 CEST" skipped="0">
  <testcase classname="MAIN.HomeTest" name="SummerDressFromDress" time="7.059"/>
  <system-out/>
  <testcase classname="MAIN.HomeTest" name="SummerDressFromWomen" time="4.389"/>
  <system-out/>
  <testcase classname="MAIN.HomeTest" name="z_compareURLs" time="5.351"/>
  <system-out/>
</testsuite> <!-- MAIN.HomeTest -->
